2025-04-09 00:23:21 - Error This route "site/kvdfvufhvoiej" was not found in E:\xampp\htdocs\back_end\07-MVC\elframework\illuminates\Router\Router.php on line 132
2025-04-09 00:32:00 - Error This route "site/kvdfvufhvoiej" was not found in E:\xampp\htdocs\back_end\07-MVC\elframework\illuminates\Router\Router.php on line 132
2025-04-11 13:42:47 - Error This route "/" was not found in E:\xampp\htdocs\back_end\07-MVC\elframework\illuminates\Router\Router.php on line 132
2025-04-11 13:42:52 - Error This route "/" was not found in E:\xampp\htdocs\back_end\07-MVC\elframework\illuminates\Router\Router.php on line 132
2025-04-11 13:49:19 - Error This route "index" was not found in E:\xampp\htdocs\back_end\07-MVC\elframework\illuminates\Router\Router.php on line 132
2025-04-11 13:50:28 - Error This route "index" was not found in E:\xampp\htdocs\back_end\07-MVC\elframework\illuminates\Router\Router.php on line 132
2025-04-11 13:50:29 - Error This route "index" was not found in E:\xampp\htdocs\back_end\07-MVC\elframework\illuminates\Router\Router.php on line 132
2025-04-11 13:50:39 - Error This route "index" was not found in E:\xampp\htdocs\back_end\07-MVC\elframework\illuminates\Router\Router.php on line 132
2025-04-11 13:50:40 - Error This route "index" was not found in E:\xampp\htdocs\back_end\07-MVC\elframework\illuminates\Router\Router.php on line 132
2025-04-11 13:50:40 - Error This route "index" was not found in E:\xampp\htdocs\back_end\07-MVC\elframework\illuminates\Router\Router.php on line 132
2025-04-11 13:50:40 - Error This route "index" was not found in E:\xampp\htdocs\back_end\07-MVC\elframework\illuminates\Router\Router.php on line 132
2025-04-11 13:50:41 - Error This route "index" was not found in E:\xampp\htdocs\back_end\07-MVC\elframework\illuminates\Router\Router.php on line 132
2025-04-11 13:52:49 - Error This route "index" was not found in E:\xampp\htdocs\back_end\07-MVC\elframework\illuminates\Router\Router.php on line 132
2025-04-11 13:55:58 - Error This route "index" was not found in E:\xampp\htdocs\back_end\07-MVC\elframework\illuminates\Router\Router.php on line 132
2025-04-11 13:58:06 - Error This route "index" was not found in E:\xampp\htdocs\back_end\07-MVC\elframework\illuminates\Router\Router.php on line 132
2025-04-11 13:59:56 - Error This route "index" was not found in E:\xampp\htdocs\back_end\07-MVC\elframework\illuminates\Router\Router.php on line 132
2025-04-11 13:59:57 - Error This route "index" was not found in E:\xampp\htdocs\back_end\07-MVC\elframework\illuminates\Router\Router.php on line 132
2025-04-11 13:59:58 - Error This route "index" was not found in E:\xampp\htdocs\back_end\07-MVC\elframework\illuminates\Router\Router.php on line 132
2025-04-11 13:59:58 - Error This route "index" was not found in E:\xampp\htdocs\back_end\07-MVC\elframework\illuminates\Router\Router.php on line 132
2025-04-11 14:06:55 - Error This route "index" was not found in E:\xampp\htdocs\back_end\07-MVC\elframework\illuminates\Router\Router.php on line 132
2025-04-11 14:15:09 - Error This route "index" was not found in E:\xampp\htdocs\back_end\07-MVC\elframework\illuminates\Router\Router.php on line 132
2025-04-11 14:17:19 - Error This route "index" was not found in E:\xampp\htdocs\back_end\07-MVC\elframework\illuminates\Router\Router.php on line 132
2025-04-11 14:17:20 - Error This route "index" was not found in E:\xampp\htdocs\back_end\07-MVC\elframework\illuminates\Router\Router.php on line 132
2025-04-11 14:19:08 - Error This route "index" was not found in E:\xampp\htdocs\back_end\07-MVC\elframework\illuminates\Router\Router.php on line 134
2025-04-11 14:19:09 - Error This route "index" was not found in E:\xampp\htdocs\back_end\07-MVC\elframework\illuminates\Router\Router.php on line 134
2025-04-11 14:19:09 - Error This route "index" was not found in E:\xampp\htdocs\back_end\07-MVC\elframework\illuminates\Router\Router.php on line 134
2025-04-11 14:19:09 - Error This route "index" was not found in E:\xampp\htdocs\back_end\07-MVC\elframework\illuminates\Router\Router.php on line 134
2025-04-11 14:19:10 - Error This route "index" was not found in E:\xampp\htdocs\back_end\07-MVC\elframework\illuminates\Router\Router.php on line 134
2025-04-11 14:19:31 - Error This route "index" was not found in E:\xampp\htdocs\back_end\07-MVC\elframework\illuminates\Router\Router.php on line 132
2025-04-11 14:20:08 - Error This route "index" was not found in E:\xampp\htdocs\back_end\07-MVC\elframework\illuminates\Router\Router.php on line 132
2025-05-01 07:30:55 - Error This route "api/about" was not found in E:\xampp\htdocs\back_end\07-MVC\elframework\illuminates\Router\Router.php on line 135
2025-05-01 07:31:12 - Error This route "api/about" was not found in E:\xampp\htdocs\back_end\07-MVC\elframework\illuminates\Router\Router.php on line 135
2025-05-01 07:31:14 - Error This route "api/about" was not found in E:\xampp\htdocs\back_end\07-MVC\elframework\illuminates\Router\Router.php on line 135
2025-05-01 07:31:14 - Error This route "api/about" was not found in E:\xampp\htdocs\back_end\07-MVC\elframework\illuminates\Router\Router.php on line 135
2025-05-01 07:31:15 - Error This route "api/about" was not found in E:\xampp\htdocs\back_end\07-MVC\elframework\illuminates\Router\Router.php on line 135
2025-05-01 07:31:27 - Error This route "api" was not found in E:\xampp\htdocs\back_end\07-MVC\elframework\illuminates\Router\Router.php on line 135
2025-05-01 07:31:39 - Error This route "api" was not found in E:\xampp\htdocs\back_end\07-MVC\elframework\illuminates\Router\Router.php on line 135
2025-05-01 07:32:01 - Error This route "api" was not found in E:\xampp\htdocs\back_end\07-MVC\elframework\illuminates\Router\Router.php on line 135
2025-05-01 07:32:02 - Error This route "api" was not found in E:\xampp\htdocs\back_end\07-MVC\elframework\illuminates\Router\Router.php on line 135
2025-05-01 07:32:02 - Error This route "api" was not found in E:\xampp\htdocs\back_end\07-MVC\elframework\illuminates\Router\Router.php on line 135
2025-05-01 07:32:45 - Error This route "api" was not found in E:\xampp\htdocs\back_end\07-MVC\elframework\illuminates\Router\Router.php on line 135
2025-05-01 07:32:54 - Error This route "api/about" was not found in E:\xampp\htdocs\back_end\07-MVC\elframework\illuminates\Router\Router.php on line 135
2025-05-01 07:34:51 - Error This route "api/about" was not found in E:\xampp\htdocs\back_end\07-MVC\elframework\illuminates\Router\Router.php on line 135
2025-05-01 07:35:03 - Error This route "api" was not found in E:\xampp\htdocs\back_end\07-MVC\elframework\illuminates\Router\Router.php on line 135
2025-05-01 07:36:15 - Error This route "api" was not found in E:\xampp\htdocs\back_end\07-MVC\elframework\illuminates\Router\Router.php on line 135
2025-05-01 07:36:22 - Error This route "api/about" was not found in E:\xampp\htdocs\back_end\07-MVC\elframework\illuminates\Router\Router.php on line 135
2025-05-01 07:36:27 - Error This route "api/about" was not found in E:\xampp\htdocs\back_end\07-MVC\elframework\illuminates\Router\Router.php on line 135
2025-05-01 07:38:36 - Error This route "api/about" was not found in E:\xampp\htdocs\back_end\07-MVC\elframework\illuminates\Router\Router.php on line 135
2025-05-01 07:38:46 - Error This route "api" was not found in E:\xampp\htdocs\back_end\07-MVC\elframework\illuminates\Router\Router.php on line 135
2025-05-01 07:40:23 - Error This route "api" was not found in E:\xampp\htdocs\back_end\07-MVC\elframework\illuminates\Router\Router.php on line 135
2025-05-01 07:40:39 - Error This route "api" was not found in E:\xampp\htdocs\back_end\07-MVC\elframework\illuminates\Router\Router.php on line 135
2025-05-01 07:40:42 - Error This route "api" was not found in E:\xampp\htdocs\back_end\07-MVC\elframework\illuminates\Router\Router.php on line 135
2025-05-01 07:41:37 - Error This route "api" was not found in E:\xampp\htdocs\back_end\07-MVC\elframework\illuminates\Router\Router.php on line 135
2025-05-01 07:42:25 - Error This route "api" was not found in E:\xampp\htdocs\back_end\07-MVC\elframework\illuminates\Router\Router.php on line 135
2025-05-01 07:43:10 - Error This route "api" was not found in E:\xampp\htdocs\back_end\07-MVC\elframework\illuminates\Router\Router.php on line 135
2025-05-01 07:44:10 - Error This route "api" was not found in E:\xampp\htdocs\back_end\07-MVC\elframework\illuminates\Router\Router.php on line 135
2025-05-01 07:44:57 - Error This route "api" was not found in E:\xampp\htdocs\back_end\07-MVC\elframework\illuminates\Router\Router.php on line 135
2025-05-01 07:45:10 - Error This route "api" was not found in E:\xampp\htdocs\back_end\07-MVC\elframework\illuminates\Router\Router.php on line 135
2025-05-01 07:45:11 - Error This route "api" was not found in E:\xampp\htdocs\back_end\07-MVC\elframework\illuminates\Router\Router.php on line 135
2025-05-01 07:45:12 - Error This route "api" was not found in E:\xampp\htdocs\back_end\07-MVC\elframework\illuminates\Router\Router.php on line 135
2025-05-01 07:45:12 - Error This route "api" was not found in E:\xampp\htdocs\back_end\07-MVC\elframework\illuminates\Router\Router.php on line 135
2025-05-05 11:00:15 - Error This route "api" was not found in E:\xampp\htdocs\back_end\07-MVC\elframework\illuminates\Router\Router.php on line 135
2025-05-05 11:00:15 - Error This route "api" was not found in E:\xampp\htdocs\back_end\07-MVC\elframework\illuminates\Router\Router.php on line 135
2025-05-05 11:05:37 - Error This route "api" was not found in E:\xampp\htdocs\back_end\07-MVC\elframework\illuminates\Router\Router.php on line 135
2025-05-05 11:07:40 - Error This route "api" was not found in E:\xampp\htdocs\back_end\07-MVC\elframework\illuminates\Router\Router.php on line 135
2025-05-05 11:09:05 - Error This route "api" was not found in E:\xampp\htdocs\back_end\07-MVC\elframework\illuminates\Router\Router.php on line 135
2025-05-05 11:09:12 - Error This route "api" was not found in E:\xampp\htdocs\back_end\07-MVC\elframework\illuminates\Router\Router.php on line 135
2025-05-05 11:09:37 - Error This route "api" was not found in E:\xampp\htdocs\back_end\07-MVC\elframework\illuminates\Router\Router.php on line 135
2025-05-05 11:10:05 - Error This route "api" was not found in E:\xampp\htdocs\back_end\07-MVC\elframework\illuminates\Router\Router.php on line 135
2025-05-05 11:13:16 - Error This route "api" was not found in E:\xampp\htdocs\back_end\07-MVC\elframework\illuminates\Router\Router.php on line 135
2025-05-05 11:14:52 - Error This route "api" was not found in E:\xampp\htdocs\back_end\07-MVC\elframework\illuminates\Router\Router.php on line 135
2025-05-05 11:14:54 - Error This route "api" was not found in E:\xampp\htdocs\back_end\07-MVC\elframework\illuminates\Router\Router.php on line 135
2025-05-05 11:19:23 - Error Route "/back_end/07-MVC/public/api" not found (Method: GET) in E:\xampp\htdocs\back_end\07-MVC\elframework\illuminates\Router\Router.php on line 152
2025-05-05 11:20:55 - Error This route "api" was not found in E:\xampp\htdocs\back_end\07-MVC\elframework\illuminates\Router\Router.php on line 135
2025-05-05 11:23:24 - Error Route "/api" not found (Method: GET) in E:\xampp\htdocs\back_end\07-MVC\elframework\illuminates\Router\Router.php on line 128
2025-05-05 11:23:25 - Error Route "/api" not found (Method: GET) in E:\xampp\htdocs\back_end\07-MVC\elframework\illuminates\Router\Router.php on line 128
2025-05-05 11:23:25 - Error Route "/api" not found (Method: GET) in E:\xampp\htdocs\back_end\07-MVC\elframework\illuminates\Router\Router.php on line 128
2025-05-05 11:23:25 - Error Route "/api" not found (Method: GET) in E:\xampp\htdocs\back_end\07-MVC\elframework\illuminates\Router\Router.php on line 128
2025-05-05 11:23:25 - Error Route "/api" not found (Method: GET) in E:\xampp\htdocs\back_end\07-MVC\elframework\illuminates\Router\Router.php on line 128
2025-05-05 11:23:26 - Error Route "/api" not found (Method: GET) in E:\xampp\htdocs\back_end\07-MVC\elframework\illuminates\Router\Router.php on line 128
2025-05-05 11:23:26 - Error Route "/api" not found (Method: GET) in E:\xampp\htdocs\back_end\07-MVC\elframework\illuminates\Router\Router.php on line 128
2025-05-05 11:23:26 - Error Route "/api" not found (Method: GET) in E:\xampp\htdocs\back_end\07-MVC\elframework\illuminates\Router\Router.php on line 128
2025-05-05 11:23:26 - Error Route "/api" not found (Method: GET) in E:\xampp\htdocs\back_end\07-MVC\elframework\illuminates\Router\Router.php on line 128
2025-05-05 11:25:11 - Error Route "/api" not found (Method: GET) in E:\xampp\htdocs\back_end\07-MVC\elframework\illuminates\Router\Router.php on line 128
2025-05-05 11:25:11 - Error Route "/api" not found (Method: GET) in E:\xampp\htdocs\back_end\07-MVC\elframework\illuminates\Router\Router.php on line 128
2025-05-05 11:25:12 - Error Route "/api" not found (Method: GET) in E:\xampp\htdocs\back_end\07-MVC\elframework\illuminates\Router\Router.php on line 128
2025-05-05 11:25:12 - Error Route "/api" not found (Method: GET) in E:\xampp\htdocs\back_end\07-MVC\elframework\illuminates\Router\Router.php on line 128
2025-05-05 11:25:12 - Error Route "/api" not found (Method: GET) in E:\xampp\htdocs\back_end\07-MVC\elframework\illuminates\Router\Router.php on line 128
2025-05-05 11:25:12 - Error Route "/api" not found (Method: GET) in E:\xampp\htdocs\back_end\07-MVC\elframework\illuminates\Router\Router.php on line 128
2025-05-05 11:27:57 - Error Route "/api" not found (Method: GET) in E:\xampp\htdocs\back_end\07-MVC\elframework\illuminates\Router\Router.php on line 132
2025-05-05 10:31:23 - Error This route "api" was not found in E:\xampp\htdocs\back_end\07-MVC\elframework\illuminates\Router\Router.php on line 135
2025-05-05 11:31:37 - Error This route "api" was not found in E:\xampp\htdocs\back_end\07-MVC\elframework\illuminates\Router\Router.php on line 135
2025-05-05 11:32:31 - Error This route "api" was not found in E:\xampp\htdocs\back_end\07-MVC\elframework\illuminates\Router\Router.php on line 135
2025-05-05 11:32:33 - Error This route "api" was not found in E:\xampp\htdocs\back_end\07-MVC\elframework\illuminates\Router\Router.php on line 135
2025-05-05 11:32:33 - Error This route "api" was not found in E:\xampp\htdocs\back_end\07-MVC\elframework\illuminates\Router\Router.php on line 135
2025-05-05 11:34:56 - Error This route "api" was not found in E:\xampp\htdocs\back_end\07-MVC\elframework\illuminates\Router\Router.php on line 135
2025-05-05 11:35:38 - Error This route "api" was not found in E:\xampp\htdocs\back_end\07-MVC\elframework\illuminates\Router\Router.php on line 135
2025-05-05 11:37:17 - Error This route "api" was not found in E:\xampp\htdocs\back_end\07-MVC\elframework\illuminates\Router\Router.php on line 135
2025-05-05 11:38:35 - Error This route "api" was not found in E:\xampp\htdocs\back_end\07-MVC\elframework\illuminates\Router\Router.php on line 135
2025-05-05 11:44:28 - Error This route "api" was not found in E:\xampp\htdocs\back_end\07-MVC\elframework\illuminates\Router\Router.php on line 135
2025-05-05 11:58:24 - Error This route "api" was not found in E:\xampp\htdocs\back_end\07-MVC\elframework\illuminates\Router\Router.php on line 135
2025-05-05 12:00:52 - Error This route "api" was not found in E:\xampp\htdocs\back_end\07-MVC\elframework\illuminates\Router\Router.php on line 135
2025-05-05 12:00:54 - Error This route "api" was not found in E:\xampp\htdocs\back_end\07-MVC\elframework\illuminates\Router\Router.php on line 135
2025-05-05 12:03:29 - Error This route "api" was not found in E:\xampp\htdocs\back_end\07-MVC\elframework\illuminates\Router\Router.php on line 135
2025-05-05 12:11:18 - Error This route "site" was not found in E:\xampp\htdocs\back_end\07-MVC\elframework\illuminates\Router\Router.php on line 135
2025-05-05 12:11:20 - Error This route "site" was not found in E:\xampp\htdocs\back_end\07-MVC\elframework\illuminates\Router\Router.php on line 135
2025-05-05 12:12:53 - Error This route "site" was not found in E:\xampp\htdocs\back_end\07-MVC\elframework\illuminates\Router\Router.php on line 135
2025-05-05 12:12:54 - Error This route "site" was not found in E:\xampp\htdocs\back_end\07-MVC\elframework\illuminates\Router\Router.php on line 135
2025-05-05 12:13:00 - Error This route "site/about" was not found in E:\xampp\htdocs\back_end\07-MVC\elframework\illuminates\Router\Router.php on line 135
2025-05-05 12:13:44 - Error This route "site/about" was not found in E:\xampp\htdocs\back_end\07-MVC\elframework\illuminates\Router\Router.php on line 135
2025-05-05 12:14:30 - Error This route "site" was not found in E:\xampp\htdocs\back_end\07-MVC\elframework\illuminates\Router\Router.php on line 135
2025-05-05 14:06:07 - Error This route "site" was not found in E:\xampp\htdocs\back_end\07-MVC\elframework\illuminates\Router\Router.php on line 135
2025-05-05 14:06:12 - Error This route "site" was not found in E:\xampp\htdocs\back_end\07-MVC\elframework\illuminates\Router\Router.php on line 135
2025-05-05 14:06:13 - Error This route "site" was not found in E:\xampp\htdocs\back_end\07-MVC\elframework\illuminates\Router\Router.php on line 135
2025-05-05 14:06:14 - Error This route "site" was not found in E:\xampp\htdocs\back_end\07-MVC\elframework\illuminates\Router\Router.php on line 135
2025-05-05 14:06:28 - Error This route "site" was not found in E:\xampp\htdocs\back_end\07-MVC\elframework\illuminates\Router\Router.php on line 135
2025-05-05 14:06:52 - Error This route "site" was not found in E:\xampp\htdocs\back_end\07-MVC\elframework\illuminates\Router\Router.php on line 135
2025-05-05 14:06:57 - Error This route "site/about" was not found in E:\xampp\htdocs\back_end\07-MVC\elframework\illuminates\Router\Router.php on line 135
2025-05-06 16:46:30 - Error This route "web/about" was not found in E:\xampp\htdocs\back_end\07-MVC\elframework\illuminates\Router\Router.php on line 135
2025-05-06 17:00:40 - Error This route "api" was not found in E:\xampp\htdocs\back_end\07-MVC\elframework\illuminates\Router\Router.php on line 136
2025-05-06 17:09:02 - Error Middleware (App\Http\Middleware\UserMiddleware) No Found in E:\xampp\htdocs\back_end\07-MVC\elframework\illuminates\Middleware\Middleware.php on line 41
2025-05-06 17:10:49 - Error Middleware (App\Http\Middleware\UserMiddleware) No Found in E:\xampp\htdocs\back_end\07-MVC\elframework\illuminates\Middleware\Middleware.php on line 41
2025-05-06 17:10:50 - Error Middleware (App\Http\Middleware\UserMiddleware) No Found in E:\xampp\htdocs\back_end\07-MVC\elframework\illuminates\Middleware\Middleware.php on line 41
2025-05-06 17:11:04 - Error Middleware (App\Http\Middleware\UserMiddleware) No Found in E:\xampp\htdocs\back_end\07-MVC\elframework\illuminates\Middleware\Middleware.php on line 41
2025-05-06 17:11:43 - Error Middleware (App\Http\Middleware\UserMiddleware) No Found in E:\xampp\htdocs\back_end\07-MVC\elframework\illuminates\Middleware\Middleware.php on line 41
2025-05-06 17:13:11 - Error Middleware (App\Http\Middleware\UserMiddleware) No Found in E:\xampp\htdocs\back_end\07-MVC\elframework\illuminates\Middleware\Middleware.php on line 41
2025-05-06 17:13:12 - Error Middleware (App\Http\Middleware\UserMiddleware) No Found in E:\xampp\htdocs\back_end\07-MVC\elframework\illuminates\Middleware\Middleware.php on line 41
2025-05-06 17:13:30 - Error Middleware (App\Http\Middleware\UserMiddleware) No Found in E:\xampp\htdocs\back_end\07-MVC\elframework\illuminates\Middleware\Middleware.php on line 41
2025-05-06 17:13:31 - Error Middleware (App\Http\Middleware\UserMiddleware) No Found in E:\xampp\htdocs\back_end\07-MVC\elframework\illuminates\Middleware\Middleware.php on line 41
2025-05-06 17:13:31 - Error Middleware (App\Http\Middleware\UserMiddleware) No Found in E:\xampp\htdocs\back_end\07-MVC\elframework\illuminates\Middleware\Middleware.php on line 41
2025-05-06 17:13:31 - Error Middleware (App\Http\Middleware\UserMiddleware) No Found in E:\xampp\htdocs\back_end\07-MVC\elframework\illuminates\Middleware\Middleware.php on line 41
2025-05-06 17:13:32 - Error Middleware (App\Http\Middleware\UserMiddleware) No Found in E:\xampp\htdocs\back_end\07-MVC\elframework\illuminates\Middleware\Middleware.php on line 41
2025-05-06 17:13:42 - Error Middleware (App\Http\Middleware\UserMiddleware) No Found in E:\xampp\htdocs\back_end\07-MVC\elframework\illuminates\Middleware\Middleware.php on line 41
2025-05-06 17:14:29 - Error Middleware (App\Http\Middleware\UserMiddleware) No Found in E:\xampp\htdocs\back_end\07-MVC\elframework\illuminates\Middleware\Middleware.php on line 41
2025-05-06 17:23:15 - Error Middleware (App\Http\Middleware\UserMiddleware) No Found in E:\xampp\htdocs\back_end\07-MVC\elframework\illuminates\Middleware\Middleware.php on line 41
2025-05-06 17:24:51 - Error Middleware (App\Http\Middleware\UserMiddleware) No Found in E:\xampp\htdocs\back_end\07-MVC\elframework\illuminates\Middleware\Middleware.php on line 41
2025-05-06 17:25:24 - Error Middleware (App\Http\Middleware\UserMiddleware) No Found in E:\xampp\htdocs\back_end\07-MVC\elframework\illuminates\Middleware\Middleware.php on line 41
2025-05-06 17:30:07 - Error ' this route ' . site/any . ' not found' in E:\xampp\htdocs\back_end\07-MVC\elframework\illuminates\Router\Router.php on line 187
2025-05-06 17:30:13 - Error Middleware (App\Http\Middleware\UserMiddleware) No Found in E:\xampp\htdocs\back_end\07-MVC\elframework\illuminates\Middleware\Middleware.php on line 41
2025-05-06 17:32:43 - Error Middleware (App\Http\Middleware\UserMiddleware) No Found in E:\xampp\htdocs\back_end\07-MVC\elframework\illuminates\Middleware\Middleware.php on line 41
2025-05-06 17:35:12 - Error ' this route ' . ack_end/07-MVC/public/api/any . ' not found' in E:\xampp\htdocs\back_end\07-MVC\elframework\illuminates\Router\Router.php on line 138
2025-05-06 17:35:13 - Error ' this route ' . ack_end/07-MVC/public/api/any . ' not found' in E:\xampp\htdocs\back_end\07-MVC\elframework\illuminates\Router\Router.php on line 138
2025-05-06 17:36:08 - Error ' this route ' . ack_end/07-MVC/public/api/any . ' not found' in E:\xampp\htdocs\back_end\07-MVC\elframework\illuminates\Router\Router.php on line 138
2025-05-06 17:38:27 - Error ' this route ' . ack_end/07-MVC/public/api/any . ' not found' in E:\xampp\htdocs\back_end\07-MVC\elframework\illuminates\Router\Router.php on line 138
2025-05-06 17:38:28 - Error ' this route ' . ack_end/07-MVC/public/api/any . ' not found' in E:\xampp\htdocs\back_end\07-MVC\elframework\illuminates\Router\Router.php on line 138
2025-05-06 17:39:11 - Error ' this route ' . ack_end/07-MVC/public/api/any . ' not found' in E:\xampp\htdocs\back_end\07-MVC\elframework\illuminates\Router\Router.php on line 138
2025-05-06 17:39:15 - Error ' this route ' . ack_end/07-MVC/public/api . ' not found' in E:\xampp\htdocs\back_end\07-MVC\elframework\illuminates\Router\Router.php on line 138
2025-05-06 17:39:43 - Error ' this route ' . ack_end/07-MVC/public/api . ' not found' in E:\xampp\htdocs\back_end\07-MVC\elframework\illuminates\Router\Router.php on line 139
2025-05-06 17:39:47 - Error ' this route ' . ack_end/07-MVC/public/web . ' not found' in E:\xampp\htdocs\back_end\07-MVC\elframework\illuminates\Router\Router.php on line 139
2025-05-06 17:40:23 - Error This route "web" was not found in E:\xampp\htdocs\back_end\07-MVC\elframework\illuminates\Router\Router.php on line 138
2025-05-06 17:40:43 - Error This route "api" was not found in E:\xampp\htdocs\back_end\07-MVC\elframework\illuminates\Router\Router.php on line 138
2025-05-06 17:40:55 - Error This route "api" was not found in E:\xampp\htdocs\back_end\07-MVC\elframework\illuminates\Router\Router.php on line 138
2025-05-06 17:41:26 - Error This route "api" was not found in E:\xampp\htdocs\back_end\07-MVC\elframework\illuminates\Router\Router.php on line 138
2025-05-06 17:41:27 - Error This route "api" was not found in E:\xampp\htdocs\back_end\07-MVC\elframework\illuminates\Router\Router.php on line 138
2025-05-06 17:41:27 - Error This route "api" was not found in E:\xampp\htdocs\back_end\07-MVC\elframework\illuminates\Router\Router.php on line 138
2025-05-06 17:41:28 - Error This route "api" was not found in E:\xampp\htdocs\back_end\07-MVC\elframework\illuminates\Router\Router.php on line 138
2025-05-06 17:41:34 - Error This route "api" was not found in E:\xampp\htdocs\back_end\07-MVC\elframework\illuminates\Router\Router.php on line 138
2025-05-06 17:42:43 - Error Middleware (App\Http\Middleware\UserMiddleware) No Found in E:\xampp\htdocs\back_end\07-MVC\elframework\illuminates\Middleware\Middleware.php on line 41
2025-05-06 17:42:49 - Error Middleware (App\Http\Middleware\UserMiddleware) No Found in E:\xampp\htdocs\back_end\07-MVC\elframework\illuminates\Middleware\Middleware.php on line 41
2025-05-06 17:46:46 - Error Middleware (App\Http\Middleware\UserMiddleware) No Found in E:\xampp\htdocs\back_end\07-MVC\elframework\illuminates\Middleware\Middleware.php on line 41
